<?xml version="1.0" encoding="UTF-8"?>
<testng-results ignored="0" total="1" passed="1" failed="0" skipped="0">
  <reporter-output>
  </reporter-output>
  <suite started-at="2023-05-01T21:29:29 IST" name="Default suite" finished-at="2023-05-01T21:29:29 IST" duration-ms="59">
    <groups>
    </groups>
    <test started-at="2023-05-01T21:29:29 IST" name="Default test" finished-at="2023-05-01T21:29:29 IST" duration-ms="59">
      <class name="JavaStreams">
        <test-method signature="streamCollect()[pri:0, instance:JavaStreams@6d763516]" started-at="2023-05-01T21:29:29 IST" name="streamCollect" finished-at="2023-05-01T21:29:29 IST" duration-ms="11" status="PASS">
          <reporter-output>
          </reporter-output>
        </test-method> <!-- streamCollect -->
      </class> <!-- JavaStreams -->
    </test> <!-- Default test -->
  </suite> <!-- Default suite -->
</testng-results>
